<?xml version="1.0" encoding="UTF-8"?>
<!-- Generated by org.testng.reporters.JUnitXMLReporter -->
<testsuite ignored="0" hostname="DESKTOP-IBPU7GU" failures="0" tests="2" name="Test" time="36.49" errors="0" timestamp="2022-07-14T01:50:10 IST">
  <testcase classname="growWebFramework_pom_testng.groww_testTC2" name="@BeforeMethod loginPage" time="9.689">
    <failure type="org.openqa.selenium.ElementClickInterceptedException" message="element click intercepted: Element &amp;lt;img class=&amp;quot;circle&amp;quot; src=&amp;quot;https://lh4.googleusercontent.com/-71SKxDT3Pa8/AAAAAAAAAAI/AAAAAAAAAAA/ACHi3reho3yfyp94o4UituG32i1qMrxcrw/s96-c/photo.jpg&amp;quot; width=&amp;quot;35&amp;quot; height=&amp;quot;35&amp;quot; alt=&amp;quot;profile&amp;quot;&amp;gt; is not clickable at point (998, 40). Other element would receive the click: &amp;lt;svg xmlns=&amp;quot;http://www.w3.org/2000/svg&amp;quot; viewBox=&amp;quot;0 0 24 24&amp;quot; fill=&amp;quot;currentColor&amp;quot; height=&amp;quot;24&amp;quot; width=&amp;quot;24&amp;quot; class=&amp;quot;downArrow&amp;quot;&amp;gt;...&amp;lt;/svg&amp;gt;
  (Session info: chrome=103.0.5060.114)
Build info: version: &amp;apos;4.3.0&amp;apos;, revision: &amp;apos;a4995e2c09*&amp;apos;
System info: host: &amp;apos;DESKTOP-IBPU7GU&amp;apos;, ip: &amp;apos;192.168.226.247&amp;apos;, os.name: &amp;apos;Windows 10&amp;apos;, os.arch: &amp;apos;amd64&amp;apos;, os.version: &amp;apos;10.0&amp;apos;, java.version: &amp;apos;17.0.3&amp;apos;
Driver info: org.openqa.selenium.chrome.ChromeDriver
Command: [2e68c78efaab9447d4257c6079b7d280, clickElement {id=c1d4cc49-023a-47d4-ad59-9b051b49e7e6}]
Capabilities {acceptInsecureCerts: false, browserName: chrome, browserVersion: 103.0.5060.114, chrome: {chromedriverVersion: 103.0.5060.53 (a1711811edd7..., userDataDir: C:\Users\HP\AppData\Local\T...}, goog:chromeOptions: {debuggerAddress: localhost:59718}, networkConnectionEnabled: false, pageLoadStrategy: normal, platformName: WINDOWS, proxy: Proxy(), se:cdp: ws://localhost:59718/devtoo..., se:cdpVersion: 103.0.5060.114, setWindowRect: true, strictFileInteractability: false, timeouts: {implicit: 0, pageLoad: 300000, script: 30000}, unhandledPromptBehavior: dismiss and notify, webauthn:extension:credBlob: true, webauthn:extension:largeBlob: true, webauthn:virtualAuthenticators: true}
Element: [[ChromeDriver: chrome on WINDOWS (2e68c78efaab9447d4257c6079b7d280)] -&amp;gt; xpath: //img[@class=&amp;apos;circle&amp;apos;]]
Session ID: 2e68c78efaab9447d4257c6079b7d280">
      <![CDATA[org.openqa.selenium.ElementClickInterceptedException: element click intercepted: Element <img class="circle" src="https://lh4.googleusercontent.com/-71SKxDT3Pa8/AAAAAAAAAAI/AAAAAAAAAAA/ACHi3reho3yfyp94o4UituG32i1qMrxcrw/s96-c/photo.jpg" width="35" height="35" alt="profile"> is not clickable at point (998, 40). Other element would receive the click: <svg xmlns="http://www.w3.org/2000/svg" viewBox="0 0 24 24" fill="currentColor" height="24" width="24" class="downArrow">...</svg>
  (Session info: chrome=103.0.5060.114)
Build info: version: '4.3.0', revision: 'a4995e2c09*'
System info: host: 'DESKTOP-IBPU7GU', ip: '192.168.226.247', os.name: 'Windows 10', os.arch: 'amd64', os.version: '10.0', java.version: '17.0.3'
Driver info: org.openqa.selenium.chrome.ChromeDriver
Command: [2e68c78efaab9447d4257c6079b7d280, clickElement {id=c1d4cc49-023a-47d4-ad59-9b051b49e7e6}]
Capabilities {acceptInsecureCerts: false, browserName: chrome, browserVersion: 103.0.5060.114, chrome: {chromedriverVersion: 103.0.5060.53 (a1711811edd7..., userDataDir: C:\Users\HP\AppData\Local\T...}, goog:chromeOptions: {debuggerAddress: localhost:59718}, networkConnectionEnabled: false, pageLoadStrategy: normal, platformName: WINDOWS, proxy: Proxy(), se:cdp: ws://localhost:59718/devtoo..., se:cdpVersion: 103.0.5060.114, setWindowRect: true, strictFileInteractability: false, timeouts: {implicit: 0, pageLoad: 300000, script: 30000}, unhandledPromptBehavior: dismiss and notify, webauthn:extension:credBlob: true, webauthn:extension:largeBlob: true, webauthn:virtualAuthenticators: true}
Element: [[ChromeDriver: chrome on WINDOWS (2e68c78efaab9447d4257c6079b7d280)] -> xpath: //img[@class='circle']]
Session ID: 2e68c78efaab9447d4257c6079b7d280
at org.openqa.selenium.remote.codec.w3c.W3CHttpResponseCodec.createException(W3CHttpResponseCodec.java:200)
at org.openqa.selenium.remote.codec.w3c.W3CHttpResponseCodec.decode(W3CHttpResponseCodec.java:133)
at org.openqa.selenium.remote.codec.w3c.W3CHttpResponseCodec.decode(W3CHttpResponseCodec.java:53)
at org.openqa.selenium.remote.HttpCommandExecutor.execute(HttpCommandExecutor.java:184)
at org.openqa.selenium.remote.service.DriverCommandExecutor.invokeExecute(DriverCommandExecutor.java:167)
at org.openqa.selenium.remote.service.DriverCommandExecutor.execute(DriverCommandExecutor.java:142)
at org.openqa.selenium.remote.RemoteWebDriver.execute(RemoteWebDriver.java:569)
at org.openqa.selenium.remote.RemoteWebElement.execute(RemoteWebElement.java:257)
at org.openqa.selenium.remote.RemoteWebElement.click(RemoteWebElement.java:78)
at org.openqa.selenium.support.pagefactory.internal.LocatingElementHandler.invoke(LocatingElementHandler.java:52)
at jdk.proxy2/jdk.proxy2.$Proxy18.click(Unknown Source)
at growWebFramework_pom_testng.grow_homepage.HomeloginProfile(grow_homepage.java:22)
at growWebFramework_pom_testng.groww_testTC2.loginPage(groww_testTC2.java:61)
at java.base/java.util.ArrayList.forEach(ArrayList.java:1511)
... Removed 40 stack frames]]>
    </failure>
  </testcase> <!-- @BeforeMethod loginPage -->
  <testcase classname="growWebFramework_pom_testng.groww_testTC2" name="@AfterMethod logoutPage" time="-1.657743589239E9">
    <skipped/>
  </testcase> <!-- @AfterMethod logoutPage -->
  <testcase classname="growWebFramework_pom_testng.groww_testTC2" name="@AfterClass closeBrowser" time="-1.657743589242E9">
    <skipped/>
  </testcase> <!-- @AfterClass closeBrowser -->
  <testcase classname="growWebFramework_pom_testng.groww_testTC2" name="SearchBox" time="0.0">
    <skipped/>
  </testcase> <!-- SearchBox -->
  <testcase classname="growWebFramework_pom_testng.groww_testTC1" name="TC1" time="2.155"/>
</testsuite> <!-- Test -->
